<?xml version="1.0" encoding="UTF-8"?>
<!-- Generated by org.testng.reporters.JUnitReportReporter -->
<testsuite hostname="Suganya.local" failures="0" tests="1" name="NewTest" time="0.004" errors="0" timestamp="2023-12-21T13:09:12 IST" skipped="0">
  <testcase classname="NewTest" name="f" time="0.004"/>
  <system-out/>
</testsuite> <!-- NewTest -->
