<?xml version="1.0" encoding="UTF-8"?>
<!-- Generated by org.testng.reporters.JUnitReportReporter -->
<testsuite hostname="Suganya.local" failures="0" tests="1" name="Marma.TestNG" time="0.005" errors="0" timestamp="2023-12-06T18:21:19 IST" skipped="0">
  <testcase classname="Marma.TestNG" name="testMethod" time="0.005"/>
  <system-out/>
</testsuite> <!-- Marma.TestNG -->
